<?xml version="1.0" encoding="UTF-8"?>
<!-- Generated by org.testng.reporters.JUnitReportReporter -->
<testsuite hostname="Tanjums-MacBook-Pro.local" failures="0" tests="2" name="com.applesearch.runners.TestRunner" time="0.249" errors="0" timestamp="20 Mar 2022 20:55:13 GMT" skipped="0">
  <testcase classname="com.applesearch.runners.TestRunner" name="runScenario" time="0.016"/>
  <testcase classname="com.applesearch.runners.TestRunner" name="runScenario" time="0.233"/>
</testsuite> <!-- com.applesearch.runners.TestRunner -->
