<?xml version="1.0" encoding="UTF-8"?>
<!-- Generated by org.testng.reporters.JUnitReportReporter -->
<testsuite hostname="Tanjums-MacBook-Pro.local" failures="0" tests="2" name="com.applesearch.runners.TestRunner" time="0.201" errors="0" timestamp="20 Mar 2022 21:15:33 GMT" skipped="0">
  <testcase classname="com.applesearch.runners.TestRunner" name="runScenario" time="0.005"/>
  <testcase classname="com.applesearch.runners.TestRunner" name="runScenario" time="0.196"/>
</testsuite> <!-- com.applesearch.runners.TestRunner -->
